proguard/seeds.txt
com.grendell.renderwatch.R$drawable: int ic_launcher
com.grendell.renderwatch.R$id: int watch
com.grendell.renderwatch.R$layout: int activity_watch
com.grendell.renderwatch.R$raw: int watch
com.grendell.renderwatch.R$string: int app_name
com.grendell.renderwatch.R$style: int AppTheme
com.grendell.renderwatch.activity.WatchActivity
com.grendell.renderwatch.activity.WatchActivity: WatchActivity()
com.grendell.renderwatch.view.RenderWatchView
com.grendell.renderwatch.view.RenderWatchView: RenderWatchView(android.content.Context)
com.grendell.renderwatch.view.RenderWatchView: RenderWatchView(android.content.Context,android.util.AttributeSet)
com.grendell.renderwatch.view.RenderWatchView: RenderWatchView(android.content.Context,android.util.AttributeSet,int)
...
android.support.v8.renderscript.Sampler$Value
android.support.v8.renderscript.Sampler$Value: android.support.v8.renderscript.Sampler$Value NEAREST
android.support.v8.renderscript.Sampler$Value: android.support.v8.renderscript.Sampler$Value LINEAR
android.support.v8.renderscript.Sampler$Value: android.support.v8.renderscript.Sampler$Value LINEAR_MIP_LINEAR
android.support.v8.renderscript.Sampler$Value: android.support.v8.renderscript.Sampler$Value LINEAR_MIP_NEAREST
android.support.v8.renderscript.Sampler$Value: android.support.v8.renderscript.Sampler$Value WRAP
android.support.v8.renderscript.Sampler$Value: android.support.v8.renderscript.Sampler$Value CLAMP
android.support.v8.renderscript.Sampler$Value: android.support.v8.renderscript.Sampler$Value MIRRORED_REPEAT
android.support.v8.renderscript.Sampler$Value: int mID
android.support.v8.renderscript.Sampler$Value: android.support.v8.renderscript.Sampler$Value[] $VALUES
android.support.v8.renderscript.Sampler$Value: android.support.v8.renderscript.Sampler$Value[] values()
android.support.v8.renderscript.Sampler$Value: android.support.v8.renderscript.Sampler$Value valueOf(java.lang.String)
android.support.v8.renderscript.Sampler$Value: Sampler$Value(java.lang.String,int,int)
android.support.v8.renderscript.Sampler$Value: void <clinit>()
android.support.v8.renderscript.SamplerThunker
android.support.v8.renderscript.SamplerThunker: android.renderscript.Sampler mN
android.support.v8.renderscript.SamplerThunker: SamplerThunker(int,android.support.v8.renderscript.RenderScript)
android.support.v8.renderscript.SamplerThunker: android.renderscript.BaseObj getNObj()
android.support.v8.renderscript.SamplerThunker: android.renderscript.Sampler$Value convertValue(android.support.v8.renderscript.Sampler$Value)
android.support.v8.renderscript.SamplerThunker$1
android.support.v8.renderscript.SamplerThunker$1: int[] $SwitchMap$android$support$v8$renderscript$Sampler$Value
android.support.v8.renderscript.SamplerThunker$1: void <clinit>()
android.support.v8.renderscript.SamplerThunker$Builder
android.support.v8.renderscript.SamplerThunker$Builder: android.support.v8.renderscript.RenderScriptThunker mRS
android.support.v8.renderscript.SamplerThunker$Builder: android.support.v8.renderscript.Sampler$Value mMin
android.support.v8.renderscript.SamplerThunker$Builder: android.support.v8.renderscript.Sampler$Value mMag
android.support.v8.renderscript.SamplerThunker$Builder: android.support.v8.renderscript.Sampler$Value mWrapS
android.support.v8.renderscript.SamplerThunker$Builder: android.support.v8.renderscript.Sampler$Value mWrapT
android.support.v8.renderscript.SamplerThunker$Builder: android.support.v8.renderscript.Sampler$Value mWrapR
android.support.v8.renderscript.SamplerThunker$Builder: float mAniso
android.support.v8.renderscript.SamplerThunker$Builder: SamplerThunker$Builder(android.support.v8.renderscript.RenderScriptThunker)
android.support.v8.renderscript.SamplerThunker$Builder: void setMinification(android.support.v8.renderscript.Sampler$Value)
android.support.v8.renderscript.SamplerThunker$Builder: void setMagnification(android.support.v8.renderscript.Sampler$Value)
android.support.v8.renderscript.SamplerThunker$Builder: void setWrapS(android.support.v8.renderscript.Sampler$Value)
android.support.v8.renderscript.SamplerThunker$Builder: void setWrapT(android.support.v8.renderscript.Sampler$Value)
android.support.v8.renderscript.SamplerThunker$Builder: void setAnisotropy(float)