proguard/mapping.txt
com.grendell.renderwatch.ScriptC_watch -> com.grendell.renderwatch.a:
    android.support.v8.renderscript.Element __I32 -> a
    android.support.v8.renderscript.Element __I32_2 -> b
    android.support.v8.renderscript.Element __U32 -> c
    android.support.v8.renderscript.Int2 mExportVar_gCenter -> d
    android.support.v8.renderscript.Int2 mExportVar_gHourHandEndpoint -> e
    int mExportVar_gHourHandWidthSqr -> f
    android.support.v8.renderscript.Int2 mExportVar_gMinuteHandEndpoint -> g
    int mExportVar_gMinuteHandWidthSqr -> h
    android.support.v8.renderscript.Int2 mExportVar_gSecondHandEndpoint -> i
    int mExportVar_gSecondHandWidthSqr -> j
    void set_gCenter(android.support.v8.renderscript.Int2) -> a
    void set_gHourHandEndpoint(android.support.v8.renderscript.Int2) -> b
    void set_gHourHandWidthSqr(int) -> a
    void set_gMinuteHandEndpoint(android.support.v8.renderscript.Int2) -> c
    void set_gMinuteHandWidthSqr(int) -> b
    void set_gSecondHandEndpoint(android.support.v8.renderscript.Int2) -> d
    void set_gSecondHandWidthSqr(int) -> c
    void forEach_render(android.support.v8.renderscript.Allocation,android.support.v8.renderscript.Allocation) -> a
    void forEach_render(android.support.v8.renderscript.Allocation,android.support.v8.renderscript.Allocation,android.support.v8.renderscript.Script$LaunchOptions) -> a
com.grendell.renderwatch.activity.WatchActivity -> com.grendell.renderwatch.activity.WatchActivity:
    com.grendell.renderwatch.view.RenderWatchView mRenderWatchView -> a
    void onCreate(android.os.Bundle) -> onCreate
    void onResume() -> onResume
    void onPause() -> onPause
com.grendell.renderwatch.view.RenderWatchView -> com.grendell.renderwatch.view.RenderWatchView:
    int[] mPixelBuffer -> a
    android.support.v8.renderscript.RenderScript mRS -> b
    com.grendell.renderwatch.ScriptC_watch mScript -> c
    android.support.v8.renderscript.Allocation mPixelAlloc -> d
    android.support.v8.renderscript.Int2 mCenter -> e
    android.support.v8.renderscript.Int2 mHourHandEndpoint -> f
    android.support.v8.renderscript.Int2 mMinuteHandEndpoint -> g
    android.support.v8.renderscript.Int2 mSecondHandEndpoint -> h
    boolean mIsActive -> i
    android.os.AsyncTask mRenderTask -> j
    java.lang.Runnable mRenderRunnable -> k
    void init(android.content.Context) -> a
    void onSizeChanged(int,int,int,int) -> onSizeChanged
    void onDraw(android.graphics.Canvas) -> onDraw
    void onPause() -> a
    void onResume() -> b
    boolean access$0(com.grendell.renderwatch.view.RenderWatchView) -> a
    android.os.AsyncTask access$1(com.grendell.renderwatch.view.RenderWatchView) -> b
    android.support.v8.renderscript.Int2 access$2(com.grendell.renderwatch.view.RenderWatchView) -> c
    android.support.v8.renderscript.Int2 access$3(com.grendell.renderwatch.view.RenderWatchView) -> d
    android.support.v8.renderscript.Int2 access$4(com.grendell.renderwatch.view.RenderWatchView) -> e
    android.support.v8.renderscript.Int2 access$5(com.grendell.renderwatch.view.RenderWatchView) -> f
com.grendell.renderwatch.view.RenderWatchView$1 -> com.grendell.renderwatch.view.a:
    com.grendell.renderwatch.view.RenderWatchView this$0 -> a
    void run() -> run
    com.grendell.renderwatch.view.RenderWatchView access$0(com.grendell.renderwatch.view.RenderWatchView$1) -> a
com.grendell.renderwatch.view.RenderWatchView$1$1 -> com.grendell.renderwatch.view.b:
    long mRenderStart -> b
    com.grendell.renderwatch.view.RenderWatchView$1 this$1 -> a
    java.lang.Void doInBackground(java.lang.Void[]) -> a
    void onPostExecute(java.lang.Void) -> a
    void onPostExecute(java.lang.Object) -> onPostExecute
    java.lang.Object doInBackground(java.lang.Object[]) -> doInBackground
...
android.support.v8.renderscript.SamplerThunker$Builder -> android.support.v8.renderscript.SamplerThunker$Builder:
    android.support.v8.renderscript.RenderScriptThunker mRS -> mRS
    android.support.v8.renderscript.Sampler$Value mMin -> mMin
    android.support.v8.renderscript.Sampler$Value mMag -> mMag
    android.support.v8.renderscript.Sampler$Value mWrapS -> mWrapS
    android.support.v8.renderscript.Sampler$Value mWrapT -> mWrapT
    android.support.v8.renderscript.Sampler$Value mWrapR -> mWrapR
    float mAniso -> mAniso
    void setMinification(android.support.v8.renderscript.Sampler$Value) -> setMinification
    void setMagnification(android.support.v8.renderscript.Sampler$Value) -> setMagnification
    void setWrapS(android.support.v8.renderscript.Sampler$Value) -> setWrapS
    void setWrapT(android.support.v8.renderscript.Sampler$Value) -> setWrapT
    void setAnisotropy(float) -> setAnisotropy
    android.support.v8.renderscript.Sampler create() -> create
android.support.v8.renderscript.Script -> android.support.v8.renderscript.Script:
    android.support.v8.renderscript.ScriptCThunker mT -> mT
    android.util.SparseArray mKIDs -> mKIDs
    android.util.SparseArray mFIDs -> mFIDs
    android.renderscript.Script getNObj() -> getNObj
    android.support.v8.renderscript.Script$KernelID createKernelID(int,int,android.support.v8.renderscript.Element,android.support.v8.renderscript.Element) -> createKernelID
    android.support.v8.renderscript.Script$FieldID createFieldID(int,android.support.v8.renderscript.Element) -> createFieldID
    void invoke(int) -> invoke
    void invoke(int,android.support.v8.renderscript.FieldPacker) -> invoke
    void bindAllocation(android.support.v8.renderscript.Allocation,int) -> bindAllocation
    void setTimeZone(java.lang.String) -> setTimeZone
    void forEach(int,android.support.v8.renderscript.Allocation,android.support.v8.renderscript.Allocation,android.support.v8.renderscript.FieldPacker) -> forEach
    void forEach(int,android.support.v8.renderscript.Allocation,android.support.v8.renderscript.Allocation,android.support.v8.renderscript.FieldPacker,android.support.v8.renderscript.Script$LaunchOptions) -> forEach
    void setVar(int,float) -> setVar
    void setVar(int,double) -> setVar
    void setVar(int,int) -> setVar
    void setVar(int,long) -> setVar
    void setVar(int,boolean) -> setVar
    void setVar(int,android.support.v8.renderscript.BaseObj) -> setVar
android.support.v8.renderscript.Script$Builder -> android.support.v8.renderscript.Script$Builder:
    android.support.v8.renderscript.RenderScript mRS -> mRS
android.support.v8.renderscript.Script$FieldBase -> android.support.v8.renderscript.Script$FieldBase:
    android.support.v8.renderscript.Element mElement -> mElement
    android.support.v8.renderscript.Allocation mAllocation -> mAllocation
    void init(android.support.v8.renderscript.RenderScript,int) -> init
    void init(android.support.v8.renderscript.RenderScript,int,int) -> init
    android.support.v8.renderscript.Element getElement() -> getElement
    android.support.v8.renderscript.Type getType() -> getType
    android.support.v8.renderscript.Allocation getAllocation() -> getAllocation
    void updateAllocation() -> updateAllocation
android.support.v8.renderscript.Script$FieldID -> android.support.v8.renderscript.Script$FieldID:
    android.renderscript.Script$FieldID mN -> mN
    android.support.v8.renderscript.Script mScript -> mScript
    int mSlot -> mSlot
android.support.v8.renderscript.Script$KernelID -> android.support.v8.renderscript.Script$KernelID:
    android.renderscript.Script$KernelID mN -> mN
    android.support.v8.renderscript.Script mScript -> mScript
    int mSlot -> mSlot
    int mSig -> mSig